# JRE version: Java(TM) SE Runtime Environment (17.0.2+8) (build 17.0.2+8-LTS-86)
# Java VM: Java HotSpot(TM) 64-Bit Server VM (17.0.2+8-LTS-86, mixed mode, sharing, tiered, compressed oops, compressed class ptrs, g1 gc, windows-amd64)
GC Precious Log:
 CPUs: 8 total, 8 available
 Memory: 32574M
 Large Page Support: Disabled
 NUMA Support: Disabled
 Compressed Oops: Enabled (Zero based)
 Heap Region Size: 4M
 Heap Min Capacity: 8M
 Heap Initial Capacity: 512M
 Heap Max Capacity: 8G
 Pre-touch: Disabled
 Parallel Workers: 8
 Concurrent Workers: 2
 Concurrent Refinement Workers: 8
 Periodic GC: Disabled
Heap:
 garbage-first heap   total 897024K, used 444587K [0x0000000600000000, 0x0000000800000000)
  region size 4096K, 5 young (20480K), 5 survivors (20480K)
 Metaspace       used 188317K, committed 190080K, reserved 1220608K
  class space    used 24612K, committed 25472K, reserved 1048576K
GC Heap History (20 events):
Event: 142.190 GC heap after
{Heap after GC invocations=92 (full 0):
 garbage-first heap   total 897024K, used 332109K [0x0000000600000000, 0x0000000800000000)
  region size 4096K, 5 young (20480K), 5 survivors (20480K)
 Metaspace       used 153230K, committed 154816K, reserved 1187840K
  class space    used 20221K, committed 20928K, reserved 1048576K
}
Event: 143.219 GC heap before
{Heap before GC invocations=92 (full 0):
 garbage-first heap   total 897024K, used 749901K [0x0000000600000000, 0x0000000800000000)
  region size 4096K, 107 young (438272K), 5 survivors (20480K)
 Metaspace       used 153601K, committed 155200K, reserved 1187840K
  class space    used 20235K, committed 20928K, reserved 1048576K
}
Event: 143.240 GC heap after
{Heap after GC invocations=93 (full 0):
 garbage-first heap   total 897024K, used 335165K [0x0000000600000000, 0x0000000800000000)
  region size 4096K, 6 young (24576K), 6 survivors (24576K)
 Metaspace       used 153601K, committed 155200K, reserved 1187840K
  class space    used 20235K, committed 20928K, reserved 1048576K
}
Event: 148.982 GC heap before
{Heap before GC invocations=93 (full 0):
 garbage-first heap   total 897024K, used 752957K [0x0000000600000000, 0x0000000800000000)
  region size 4096K, 109 young (446464K), 6 survivors (24576K)
 Metaspace       used 176273K, committed 178048K, reserved 1204224K
  class space    used 23366K, committed 24192K, reserved 1048576K
}
Event: 149.018 GC heap after
{Heap after GC invocations=94 (full 0):
 garbage-first heap   total 897024K, used 348959K [0x0000000600000000, 0x0000000800000000)
  region size 4096K, 10 young (40960K), 10 survivors (40960K)
 Metaspace       used 176273K, committed 178048K, reserved 1204224K
  class space    used 23366K, committed 24192K, reserved 1048576K
}
Event: 149.032 GC heap before
{Heap before GC invocations=94 (full 0):
 garbage-first heap   total 897024K, used 348959K [0x0000000600000000, 0x0000000800000000)
  region size 4096K, 11 young (45056K), 10 survivors (40960K)
 Metaspace       used 176335K, committed 178112K, reserved 1204224K
  class space    used 23381K, committed 24192K, reserved 1048576K
}
Event: 149.067 GC heap after
{Heap after GC invocations=95 (full 0):
 garbage-first heap   total 897024K, used 349828K [0x0000000600000000, 0x0000000800000000)
  region size 4096K, 8 young (32768K), 8 survivors (32768K)
 Metaspace       used 176335K, committed 178112K, reserved 1204224K
  class space    used 23381K, committed 24192K, reserved 1048576K
}
Event: 153.089 GC heap before
{Heap before GC invocations=96 (full 0):
 garbage-first heap   total 897024K, used 755332K [0x0000000600000000, 0x0000000800000000)
  region size 4096K, 107 young (438272K), 8 survivors (32768K)
 Metaspace       used 179603K, committed 181312K, reserved 1212416K
  class space    used 23667K, committed 24448K, reserved 1048576K
}
Event: 153.115 GC heap after
{Heap after GC invocations=97 (full 0):
 garbage-first heap   total 897024K, used 353090K [0x0000000600000000, 0x0000000800000000)
  region size 4096K, 9 young (36864K), 9 survivors (36864K)
 Metaspace       used 179603K, committed 181312K, reserved 1212416K
  class space    used 23667K, committed 24448K, reserved 1048576K
}
Event: 153.164 GC heap before
{Heap before GC invocations=97 (full 0):
 garbage-first heap   total 897024K, used 357186K [0x0000000600000000, 0x0000000800000000)
  region size 4096K, 10 young (40960K), 9 survivors (36864K)
 Metaspace       used 179695K, committed 181440K, reserved 1212416K
  class space    used 23680K, committed 24512K, reserved 1048576K
}
Event: 153.202 GC heap after
{Heap after GC invocations=98 (full 0):
 garbage-first heap   total 897024K, used 351783K [0x0000000600000000, 0x0000000800000000)
  region size 4096K, 2 young (8192K), 2 survivors (8192K)
 Metaspace       used 179695K, committed 181440K, reserved 1212416K
  class space    used 23680K, committed 24512K, reserved 1048576K
}
Event: 159.728 GC heap before
{Heap before GC invocations=98 (full 0):
 garbage-first heap   total 897024K, used 757287K [0x0000000600000000, 0x0000000800000000)
  region size 4096K, 102 young (417792K), 2 survivors (8192K)
 Metaspace       used 187144K, committed 188864K, reserved 1212416K
  class space    used 24459K, committed 25280K, reserved 1048576K
}
Event: 159.752 GC heap after
{Heap after GC invocations=99 (full 0):
 garbage-first heap   total 897024K, used 362284K [0x0000000600000000, 0x0000000800000000)
  region size 4096K, 4 young (16384K), 4 survivors (16384K)
 Metaspace       used 187144K, committed 188864K, reserved 1212416K
  class space    used 24459K, committed 25280K, reserved 1048576K
}
Event: 165.626 GC heap before
{Heap before GC invocations=100 (full 0):
 garbage-first heap   total 897024K, used 755500K [0x0000000600000000, 0x0000000800000000)
  region size 4096K, 101 young (413696K), 4 survivors (16384K)
 Metaspace       used 187792K, committed 189568K, reserved 1220608K
  class space    used 24541K, committed 25408K, reserved 1048576K
}
Event: 165.657 GC heap after
{Heap after GC invocations=101 (full 0):
 garbage-first heap   total 897024K, used 385347K [0x0000000600000000, 0x0000000800000000)
  region size 4096K, 10 young (40960K), 10 survivors (40960K)
 Metaspace       used 187792K, committed 189568K, reserved 1220608K
  class space    used 24541K, committed 25408K, reserved 1048576K
}
Event: 165.676 GC heap before
{Heap before GC invocations=101 (full 0):
 garbage-first heap   total 897024K, used 389443K [0x0000000600000000, 0x0000000800000000)
  region size 4096K, 11 young (45056K), 10 survivors (40960K)
 Metaspace       used 187807K, committed 189568K, reserved 1220608K
  class space    used 24543K, committed 25408K, reserved 1048576K
}
Event: 165.712 GC heap after
{Heap after GC invocations=102 (full 0):
 garbage-first heap   total 897024K, used 385973K [0x0000000600000000, 0x0000000800000000)
  region size 4096K, 2 young (8192K), 2 survivors (8192K)
 Metaspace       used 187807K, committed 189568K, reserved 1220608K
  class space    used 24543K, committed 25408K, reserved 1048576K
}
Event: 167.076 GC heap before
{Heap before GC invocations=102 (full 0):
 garbage-first heap   total 897024K, used 754613K [0x0000000600000000, 0x0000000800000000)
  region size 4096K, 92 young (376832K), 2 survivors (8192K)
 Metaspace       used 188143K, committed 189824K, reserved 1220608K
  class space    used 24601K, committed 25408K, reserved 1048576K
}
Event: 167.126 GC heap after
{Heap after GC invocations=103 (full 0):
 garbage-first heap   total 897024K, used 428697K [0x0000000600000000, 0x0000000800000000)
  region size 4096K, 12 young (49152K), 12 survivors (49152K)
 Metaspace       used 188143K, committed 189824K, reserved 1220608K
  class space    used 24601K, committed 25408K, reserved 1048576K
}
Event: 168.023 GC heap before
{Heap before GC invocations=103 (full 0):
 garbage-first heap   total 897024K, used 739993K [0x0000000600000000, 0x0000000800000000)
  region size 4096K, 88 young (360448K), 12 survivors (49152K)
 Metaspace       used 188317K, committed 190080K, reserved 1220608K
  class space    used 24612K, committed 25472K, reserved 1048576K
}

