# JRE version: Java(TM) SE Runtime Environment (17.0.2+8) (build 17.0.2+8-LTS-86)
# Java VM: Java HotSpot(TM) 64-Bit Server VM (17.0.2+8-LTS-86, mixed mode, sharing, tiered, compressed oops, compressed class ptrs, g1 gc, windows-amd64)
GC Precious Log:
 CPUs: 8 total, 8 available
 Memory: 32574M
 Large Page Support: Disabled
 NUMA Support: Disabled
 Compressed Oops: Enabled (Zero based)
 Heap Region Size: 2M
 Heap Min Capacity: 8M
 Heap Initial Capacity: 510M
 Heap Max Capacity: 3G
 Pre-touch: Disabled
 Parallel Workers: 8
 Concurrent Workers: 2
 Concurrent Refinement Workers: 8
 Periodic GC: Disabled
Heap:
 garbage-first heap   total 522240K, used 37055K [0x0000000740000000, 0x0000000800000000)
  region size 2048K, 14 young (28672K), 4 survivors (8192K)
 Metaspace       used 10513K, committed 10688K, reserved 856064K
  class space    used 1413K, committed 1536K, reserved 839680K
GC Heap History (6 events):
Event: 0.967 GC heap before
{Heap before GC invocations=0 (full 0):
 garbage-first heap   total 522240K, used 22528K [0x0000000740000000, 0x0000000800000000)
  region size 2048K, 12 young (24576K), 0 survivors (0K)
 Metaspace       used 1063K, committed 1216K, reserved 847872K
  class space    used 72K, committed 128K, reserved 839680K
}
Event: 0.980 GC heap after
{Heap after GC invocations=1 (full 0):
 garbage-first heap   total 522240K, used 2504K [0x0000000740000000, 0x0000000800000000)
  region size 2048K, 2 young (4096K), 2 survivors (4096K)
 Metaspace       used 1063K, committed 1216K, reserved 847872K
  class space    used 72K, committed 128K, reserved 839680K
}
Event: 3.375 GC heap before
{Heap before GC invocations=1 (full 0):
 garbage-first heap   total 522240K, used 49608K [0x0000000740000000, 0x0000000800000000)
  region size 2048K, 23 young (47104K), 2 survivors (4096K)
 Metaspace       used 4518K, committed 4672K, reserved 847872K
  class space    used 570K, committed 640K, reserved 839680K
}
Event: 3.382 GC heap after
{Heap after GC invocations=2 (full 0):
 garbage-first heap   total 522240K, used 11618K [0x0000000740000000, 0x0000000800000000)
  region size 2048K, 3 young (6144K), 3 survivors (6144K)
 Metaspace       used 4518K, committed 4672K, reserved 847872K
  class space    used 570K, committed 640K, reserved 839680K
}
Event: 4.919 GC heap before
{Heap before GC invocations=2 (full 0):
 garbage-first heap   total 522240K, used 64866K [0x0000000740000000, 0x0000000800000000)
  region size 2048K, 29 young (59392K), 3 survivors (6144K)
 Metaspace       used 7000K, committed 7232K, reserved 847872K
  class space    used 948K, committed 1088K, reserved 839680K
}
Event: 4.926 GC heap after
{Heap after GC invocations=3 (full 0):
 garbage-first heap   total 522240K, used 18623K [0x0000000740000000, 0x0000000800000000)
  region size 2048K, 4 young (8192K), 4 survivors (8192K)
 Metaspace       used 7000K, committed 7232K, reserved 847872K
  class space    used 948K, committed 1088K, reserved 839680K
}

