SF:lib\features\auth\data\data_sources\remote\auth_remote_data_source_impl.dart
DA:10,1
DA:12,1
DA:13,2
DA:15,1
DA:17,2
DA:20,1
DA:22,2
DA:25,1
DA:26,2
DA:29,0
DA:31,0
LF:11
LH:9
end_of_record
SF:lib\features\auth\data\data_sources\remote\auth_remote_data_source_impl.g.dart
DA:13,0
DA:23,0
DA:24,0
DA:34,0
DA:35,0
DA:37,0
DA:41,0
DA:43,0
DA:45,0
DA:49,0
DA:50,0
DA:52,0
DA:57,0
LF:13
LH:0
end_of_record
SF:lib\core\providers\firebase_providers.g.dart
DA:13,0
DA:18,0
DA:19,0
DA:29,0
DA:30,0
DA:32,0
DA:35,0
DA:37,0
DA:39,0
DA:43,0
DA:44,0
DA:46,0
DA:51,0
DA:54,0
DA:64,0
DA:65,0
DA:75,0
DA:76,0
DA:78,0
DA:82,0
DA:84,0
DA:86,0
DA:90,0
DA:91,0
DA:93,0
DA:98,0
LF:26
LH:0
end_of_record
SF:lib\core\providers\firebase_providers.dart
DA:7,0
DA:9,0
DA:12,0
DA:14,0
LF:4
LH:0
end_of_record
SF:lib\features\auth\data\repositories\auth_repository_impl.dart
DA:12,1
DA:14,1
DA:16,4
DA:18,1
DA:19,1
DA:20,1
DA:21,1
DA:26,1
DA:29,2
DA:30,1
DA:31,2
DA:32,1
DA:33,1
DA:34,1
DA:36,1
DA:37,1
DA:41,1
DA:44,2
DA:45,1
DA:46,2
DA:47,1
DA:48,1
DA:49,1
DA:51,1
DA:52,1
DA:56,1
DA:59,2
DA:61,1
DA:62,1
DA:67,0
DA:69,0
LF:31
LH:29
end_of_record
SF:lib\features\auth\data\repositories\auth_repository_impl.g.dart
DA:13,0
DA:18,0
DA:19,0
DA:29,0
DA:30,0
DA:32,0
DA:35,0
DA:37,0
DA:39,0
DA:43,0
DA:44,0
DA:46,0
DA:51,0
LF:13
LH:0
end_of_record
SF:lib\features\auth\domain\entities\user_entity.dart
DA:6,2
DA:12,3
DA:15,1
DA:16,3
DA:17,3
DA:18,3
DA:19,3
DA:21,2
DA:22,16
LF:9
LH:9
end_of_record
SF:lib\features\auth\domain\use_cases\sign_in_use_case.g.dart
DA:13,3
DA:18,1
DA:19,1
DA:29,1
DA:30,1
DA:32,1
DA:35,1
DA:37,0
DA:39,0
DA:43,0
DA:44,0
DA:46,0
DA:51,1
LF:13
LH:8
end_of_record
SF:lib\features\auth\domain\use_cases\sign_in_use_case.dart
DA:11,1
DA:13,1
DA:14,2
DA:18,0
DA:20,0
LF:5
LH:3
end_of_record
SF:lib\features\auth\domain\use_cases\sign_up_use_case.dart
DA:11,1
DA:13,1
DA:14,2
DA:18,0
DA:20,0
LF:5
LH:3
end_of_record
SF:lib\features\auth\domain\use_cases\sign_up_use_case.g.dart
DA:13,0
DA:18,0
DA:19,0
DA:29,0
DA:30,0
DA:32,0
DA:35,0
DA:37,0
DA:39,0
DA:43,0
DA:44,0
DA:46,0
DA:51,0
LF:13
LH:0
end_of_record
SF:lib\features\auth\domain\use_cases\sign_out_use_case.dart
DA:10,1
DA:12,1
DA:13,2
DA:17,0
DA:19,0
LF:5
LH:3
end_of_record
SF:lib\features\auth\domain\use_cases\sign_out_use_case.g.dart
DA:13,3
DA:18,1
DA:19,1
DA:29,1
DA:30,1
DA:32,1
DA:35,1
DA:37,0
DA:39,0
DA:43,0
DA:44,0
DA:46,0
DA:51,1
LF:13
LH:8
end_of_record
SF:lib\features\auth\domain\use_cases\auth_state_changes_use_case.dart
DA:10,1
DA:12,3
DA:15,0
DA:17,0
LF:4
LH:2
end_of_record
SF:lib\features\auth\domain\use_cases\auth_state_changes_use_case.g.dart
DA:13,0
DA:23,0
DA:24,0
DA:34,0
DA:35,0
DA:37,0
DA:41,0
DA:43,0
DA:45,0
DA:49,0
DA:50,0
DA:52,0
DA:57,0
LF:13
LH:0
end_of_record
SF:lib\features\auth\presentation\provider\auth_notifier_provider.dart
DA:11,1
DA:16,1
DA:17,1
DA:18,3
DA:19,1
DA:20,2
DA:21,2
DA:22,2
DA:26,1
DA:27,1
DA:28,3
DA:29,1
DA:30,2
DA:31,2
DA:32,1
LF:15
LH:15
end_of_record
SF:lib\features\auth\presentation\provider\auth_notifier_provider.g.dart
DA:13,3
DA:17,1
DA:18,1
DA:28,1
DA:29,1
DA:31,1
DA:33,1
DA:36,0
DA:37,0
DA:39,0
DA:44,1
DA:48,1
DA:52,1
DA:54,1
DA:61,2
LF:15
LH:12
end_of_record
SF:packages\shared_core\lib\src\domain\app_error_handler.dart
DA:9,0
DA:14,0
DA:19,0
DA:21,0
DA:22,0
LF:5
LH:0
end_of_record
SF:packages\shared_core\lib\src\domain\action_state.dart
DA:7,1
DA:14,0
DA:15,0
DA:16,0
LF:4
LH:1
end_of_record
SF:packages\shared_core\lib\src\data\app_logger_impl.dart
DA:10,0
DA:11,0
DA:13,0
DA:22,0
DA:23,0
DA:25,0
DA:26,0
DA:28,0
DA:29,0
DA:31,0
DA:33,0
LF:11
LH:0
end_of_record
SF:packages\shared_core\lib\src\data\firebase_crash_reporter.dart
DA:8,0
DA:18,0
DA:20,0
DA:21,0
DA:22,0
DA:24,0
DA:28,0
DA:31,0
DA:33,0
DA:37,0
DA:45,0
DA:52,0
LF:12
LH:0
end_of_record
